#
# A fatal error has been detected by the Java Runtime Environment:
#
#  EXCEPTION_ACCESS_VIOLATION (0xc0000005) at pc=0x000000006d085bc5, pid=2364, tid=0x0000000000001d1c
#
# JRE version: Java(TM) SE Runtime Environment (8.0_151-b12) (build 1.8.0_151-b12)
# Java VM: Java HotSpot(TM) 64-Bit Server VM (25.151-b12 mixed mode windows-amd64 compressed oops)
# Problematic frame:
# C  [sqlite-3.21.0-d794ad91-463a-4592-8f0c-8d1745e3022c-sqlitejdbc.dll+0x5bc5]
#
# Failed to write core dump. Minidumps are not enabled by default on client versions of Windows
#
# If you would like to submit a bug report, please visit:
#   http://bugreport.java.com/bugreport/crash.jsp
# The crash happened outside the Java Virtual Machine in native code.
# See problematic frame for where to report the bug.
#

---------------  T H R E A D  ---------------

Current thread (0x000000001b328000):  JavaThread "Thread-5" [_thread_in_native, id=7452, stack(0x0000000025400000,0x0000000025500000)]

siginfo: ExceptionCode=0xc0000005, reading address 0x0000000000369294

Registers:
RAX=0x0000000000000000, RBX=0x0000000785687c68, RCX=0x00000000003691d8, RDX=0x00000000254fee40
RSP=0x00000000254fee18, RBP=0x00000000254fee80, RSI=0x00000000003691d8, RDI=0x0000000785687c68
R8 =0x00000000003691d8, R9 =0x0000000000000001, R10=0x0000000000000002, R11=0x0000000002934ec0
R12=0x0000000000000000, R13=0x00000000254fee70, R14=0x00000000254fee40, R15=0x000000001b328000
RIP=0x000000006d085bc5, EFLAGS=0x0000000000010206

Top of Stack: (sp=0x00000000254fee18)
0x00000000254fee18:   000000000292f943 0000000002934ec0
0x00000000254fee28:   000000006216f240 000000078568c070
0x00000000254fee38:   00000000003691d8 0000000785687c68
0x00000000254fee48:   00000000254feee8 00000000254fee80
0x00000000254fee58:   00000000254fee80 00000000197ece80
0x00000000254fee68:   0000000785687c68 0000000000000003
0x00000000254fee78:   fffffffff6f6f002 00000000254fef78
0x00000000254fee88:   000000000293507c 00000000254feee8
0x00000000254fee98:   0000000785687c68 0000000019944030
0x00000000254feea8:   0000000000000000 00000000254feec8
0x00000000254feeb8:   00000000254fef18 000000000267835d
0x00000000254feec8:   0000000785687c68 00000000003691d8
0x00000000254feed8:   000000078568be40 0000000785687c68
0x00000000254feee8:   0000000000000003 0000000785687c68
0x00000000254feef8:   0000000785687c68 00000000254fef78
0x00000000254fef08:   00000000026780e0 00000000026780e0 

Instructions: (pc=0x000000006d085bc5)
0x000000006d085ba5:   c3 66 2e 0f 1f 84 00 00 00 00 00 48 8b 41 10 8b
0x000000006d085bb5:   40 0c c3 0f 1f 84 00 00 00 00 00 48 85 c9 74 0b
0x000000006d085bc5:   0f b7 81 bc 00 00 00 c3 0f 1f 00 31 c0 c3 0f 1f
0x000000006d085bd5:   00 66 2e 0f 1f 84 00 00 00 00 00 48 85 c9 74 1b 


Register to memory mapping:

RAX=0x0000000000000000 is an unknown value
RBX=0x0000000785687c68 is an oop
org.sqlite.core.NativeDB 
 - klass: 'org/sqlite/core/NativeDB'
RCX=0x00000000003691d8 is an unknown value
RDX=0x00000000254fee40 is pointing into the stack for thread: 0x000000001b328000
RSP=0x00000000254fee18 is pointing into the stack for thread: 0x000000001b328000
RBP=0x00000000254fee80 is pointing into the stack for thread: 0x000000001b328000
RSI=0x00000000003691d8 is an unknown value
RDI=0x0000000785687c68 is an oop
org.sqlite.core.NativeDB 
 - klass: 'org/sqlite/core/NativeDB'
R8 =0x00000000003691d8 is an unknown value
R9 =0x0000000000000001 is an unknown value
R10=0x0000000000000002 is an unknown value
R11=0x0000000002934ec0 is at entry_point+32 in (nmethod*)0x0000000002934d10
R12=0x0000000000000000 is an unknown value
R13=0x00000000254fee70 is pointing into the stack for thread: 0x000000001b328000
R14=0x00000000254fee40 is pointing into the stack for thread: 0x000000001b328000
R15=0x000000001b328000 is a thread


Stack: [0x0000000025400000,0x0000000025500000],  sp=0x00000000254fee18,  free space=1019k
Native frames: (J=compiled Java code, j=interpreted, Vv=VM code, C=native code)
C  [sqlite-3.21.0-d794ad91-463a-4592-8f0c-8d1745e3022c-sqlitejdbc.dll+0x5bc5]
C  0x000000000292f943

Java frames: (J=compiled Java code, j=interpreted, Vv=VM code)
J 696  org.sqlite.core.NativeDB.column_count(J)I (0 bytes) @ 0x000000000292f7fb [0x000000000292f7c0+0x3b]
J 698 C1 org.sqlite.core.DB.column_names(J)[Ljava/lang/String; (38 bytes) @ 0x000000000293507c [0x0000000002934ea0+0x1dc]
j  org.sqlite.core.CorePreparedStatement.<init>(Lorg/sqlite/SQLiteConnection;Ljava/lang/String;)V+30
j  org.sqlite.jdbc3.JDBC3PreparedStatement.<init>(Lorg/sqlite/SQLiteConnection;Ljava/lang/String;)V+3
j  org.sqlite.jdbc4.JDBC4PreparedStatement.<init>(Lorg/sqlite/SQLiteConnection;Ljava/lang/String;)V+3
j  org.sqlite.jdbc4.JDBC4Connection.prepareStatement(Ljava/lang/String;III)Ljava/sql/PreparedStatement;+21
J 2332 C1 org.sqlite.jdbc3.JDBC3Connection.prepareStatement(Ljava/lang/String;)Ljava/sql/PreparedStatement; (12 bytes) @ 0x0000000002e0ee1c [0x0000000002e0ec40+0x1dc]
j  Persistency.StateSaver.createChunkSaveStatement()V+12
j  Persistency.StateSaver.save(Ljava/lang/String;Ljava/lang/String;)V+101
j  Persistency.StateSaver.run()V+48
j  java.lang.Thread.run()V+11
v  ~StubRoutines::call_stub

---------------  P R O C E S S  ---------------

Java Threads: ( => current thread )
  0x000000001b328800 JavaThread "Thread-6" [_thread_in_Java, id=6388, stack(0x0000000025600000,0x0000000025700000)]
=>0x000000001b328000 JavaThread "Thread-5" [_thread_in_native, id=7452, stack(0x0000000025400000,0x0000000025500000)]
  0x000000001c464800 JavaThread "Prism Font Disposer" daemon [_thread_blocked, id=4744, stack(0x0000000021ce0000,0x0000000021de0000)]
  0x000000001c10d800 JavaThread "AWT-Windows" daemon [_thread_in_native, id=6856, stack(0x000000001fe70000,0x000000001ff70000)]
  0x000000001bfd9800 JavaThread "Java2D Disposer" daemon [_thread_blocked, id=2992, stack(0x000000001fbb0000,0x000000001fcb0000)]
  0x000000001be05800 JavaThread "Thread-3" daemon [_thread_in_native, id=1048, stack(0x000000001f2a0000,0x000000001f3a0000)]
  0x000000001be0a000 JavaThread "JavaFX-Launcher" [_thread_blocked, id=8032, stack(0x000000001f420000,0x000000001f520000)]
  0x000000001bdbe800 JavaThread "JavaFX Application Thread" [_thread_in_native, id=4944, stack(0x000000001ce70000,0x000000001cf70000)]
  0x000000001bdb6000 JavaThread "Thread-1" daemon [_thread_blocked, id=5288, stack(0x000000001ccc0000,0x000000001cdc0000)]
  0x000000001b71c800 JavaThread "QuantumRenderer-0" daemon [_thread_blocked, id=7184, stack(0x000000001c610000,0x000000001c710000)]
  0x000000001b3b9000 JavaThread "Service Thread" daemon [_thread_blocked, id=4336, stack(0x000000001b750000,0x000000001b850000)]
  0x000000001b326800 JavaThread "C1 CompilerThread2" daemon [_thread_blocked, id=6628, stack(0x000000001ba20000,0x000000001bb20000)]
  0x000000001b321000 JavaThread "C2 CompilerThread1" daemon [_thread_blocked, id=8288, stack(0x000000001b890000,0x000000001b990000)]
  0x0000000019bea800 JavaThread "C2 CompilerThread0" daemon [_thread_blocked, id=7512, stack(0x000000001b220000,0x000000001b320000)]
  0x0000000019be7000 JavaThread "Attach Listener" daemon [_thread_blocked, id=3632, stack(0x000000001b0e0000,0x000000001b1e0000)]
  0x0000000019be3800 JavaThread "Signal Dispatcher" daemon [_thread_blocked, id=8856, stack(0x000000001aeb0000,0x000000001afb0000)]
  0x0000000019bcc000 JavaThread "Finalizer" daemon [_thread_blocked, id=7124, stack(0x000000001ad80000,0x000000001ae80000)]
  0x0000000019b83000 JavaThread "Reference Handler" daemon [_thread_blocked, id=4908, stack(0x000000001ac10000,0x000000001ad10000)]
  0x000000000216f000 JavaThread "main" [_thread_blocked, id=5892, stack(0x0000000002190000,0x0000000002290000)]

Other Threads:
  0x0000000019b7b800 VMThread [stack: 0x000000001aa40000,0x000000001ab40000] [id=7872]
  0x000000001b3c2000 WatcherThread [stack: 0x000000001bc50000,0x000000001bd50000] [id=6964]

VM state:not at safepoint (normal execution)

VM Mutex/Monitor currently owned by a thread: None

Heap:
 PSYoungGen      total 106496K, used 100412K [0x0000000780000000, 0x0000000790700000, 0x00000007c0000000)
  eden space 98304K, 93% used [0x0000000780000000,0x0000000785a11f38,0x0000000786000000)
  from space 8192K, 99% used [0x0000000786000000,0x00000007867fd4b0,0x0000000786800000)
  to   space 36352K, 0% used [0x000000078e380000,0x000000078e380000,0x0000000790700000)
 ParOldGen       total 131072K, used 81099K [0x0000000700000000, 0x0000000708000000, 0x0000000780000000)
  object space 131072K, 61% used [0x0000000700000000,0x0000000704f32f98,0x0000000708000000)
 Metaspace       used 19560K, capacity 20358K, committed 20608K, reserved 1067008K
  class space    used 2690K, capacity 2912K, committed 2944K, reserved 1048576K

Card table byte_map: [0x0000000011a30000,0x0000000012040000] byte_map_base: 0x000000000e230000

Marking Bits: (ParMarkBitMap*) 0x000000006218d850
 Begin Bits: [0x0000000012bf0000, 0x0000000015bf0000)
 End Bits:   [0x0000000015bf0000, 0x0000000018bf0000)

Polling page: 0x0000000002140000

CodeCache: size=245760Kb used=7842Kb max_used=7842Kb free=237917Kb
 bounds [0x0000000002670000, 0x0000000002e20000, 0x0000000011670000]
 total_blobs=3042 nmethods=2338 adapters=617
 compilation: enabled

Compilation events (10 events):
Event: 6.757 Thread 0x000000001b326800 2341   !   3       java.util.Locale::getDefault (132 bytes)
Event: 6.758 Thread 0x000000001b326800 nmethod 2341 0x0000000002e1a8d0 code [0x0000000002e1aaa0, 0x0000000002e1b2d8]
Event: 6.758 Thread 0x000000001b326800 2343       3       org.sqlite.core.CoreConnection::checkCursor (50 bytes)
Event: 6.758 Thread 0x000000001b326800 nmethod 2343 0x0000000002e1b550 code [0x0000000002e1b700, 0x0000000002e1bb48]
Event: 6.758 Thread 0x000000001b326800 2344       3       org.sqlite.jdbc4.JDBC4Statement::<init> (11 bytes)
Event: 6.758 Thread 0x000000001b326800 nmethod 2344 0x0000000002e1bd10 code [0x0000000002e1be80, 0x0000000002e1c088]
Event: 6.758 Thread 0x000000001b326800 2345       3       org.sqlite.jdbc3.JDBC3Statement::<init> (6 bytes)
Event: 6.758 Thread 0x000000001b326800 nmethod 2345 0x0000000002e0d390 code [0x0000000002e0d500, 0x0000000002e0d688]
Event: 6.758 Thread 0x000000001b326800 2342       3       org.sqlite.core.DB::newSQLException (33 bytes)
Event: 6.759 Thread 0x000000001b326800 nmethod 2342 0x0000000002e1c150 code [0x0000000002e1c3a0, 0x0000000002e1d1c8]

GC Heap History (10 events):
Event: 4.666 GC heap before
{Heap before GC invocations=1 (full 0):
 PSYoungGen      total 57344K, used 49152K [0x0000000780000000, 0x0000000784000000, 0x00000007c0000000)
  eden space 49152K, 100% used [0x0000000780000000,0x0000000783000000,0x0000000783000000)
  from space 8192K, 0% used [0x0000000783800000,0x0000000783800000,0x0000000784000000)
  to   space 8192K, 0% used [0x0000000783000000,0x0000000783000000,0x0000000783800000)
 ParOldGen       total 131072K, used 0K [0x0000000700000000, 0x0000000708000000, 0x0000000780000000)
  object space 131072K, 0% used [0x0000000700000000,0x0000000700000000,0x0000000708000000)
 Metaspace       used 16786K, capacity 17370K, committed 17536K, reserved 1064960K
  class space    used 2236K, capacity 2390K, committed 2432K, reserved 1048576K
Event: 4.680 GC heap after
Heap after GC invocations=1 (full 0):
 PSYoungGen      total 57344K, used 8165K [0x0000000780000000, 0x0000000784000000, 0x00000007c0000000)
  eden space 49152K, 0% used [0x0000000780000000,0x0000000780000000,0x0000000783000000)
  from space 8192K, 99% used [0x0000000783000000,0x00000007837f94c0,0x0000000783800000)
  to   space 8192K, 0% used [0x0000000783800000,0x0000000783800000,0x0000000784000000)
 ParOldGen       total 131072K, used 11505K [0x0000000700000000, 0x0000000708000000, 0x0000000780000000)
  object space 131072K, 8% used [0x0000000700000000,0x0000000700b3c608,0x0000000708000000)
 Metaspace       used 16786K, capacity 17370K, committed 17536K, reserved 1064960K
  class space    used 2236K, capacity 2390K, committed 2432K, reserved 1048576K
}
Event: 4.894 GC heap before
{Heap before GC invocations=2 (full 0):
 PSYoungGen      total 57344K, used 57317K [0x0000000780000000, 0x0000000784000000, 0x00000007c0000000)
  eden space 49152K, 100% used [0x0000000780000000,0x0000000783000000,0x0000000783000000)
  from space 8192K, 99% used [0x0000000783000000,0x00000007837f94c0,0x0000000783800000)
  to   space 8192K, 0% used [0x0000000783800000,0x0000000783800000,0x0000000784000000)
 ParOldGen       total 131072K, used 11505K [0x0000000700000000, 0x0000000708000000, 0x0000000780000000)
  object space 131072K, 8% used [0x0000000700000000,0x0000000700b3c608,0x0000000708000000)
 Metaspace       used 17010K, capacity 17598K, committed 17792K, reserved 1064960K
  class space    used 2255K, capacity 2424K, committed 2432K, reserved 1048576K
Event: 4.914 GC heap after
Heap after GC invocations=2 (full 0):
 PSYoungGen      total 57344K, used 8181K [0x0000000780000000, 0x0000000787000000, 0x00000007c0000000)
  eden space 49152K, 0% used [0x0000000780000000,0x0000000780000000,0x0000000783000000)
  from space 8192K, 99% used [0x0000000783800000,0x0000000783ffd4b0,0x0000000784000000)
  to   space 8192K, 0% used [0x0000000783000000,0x0000000783000000,0x0000000783800000)
 ParOldGen       total 131072K, used 22123K [0x0000000700000000, 0x0000000708000000, 0x0000000780000000)
  object space 131072K, 16% used [0x0000000700000000,0x000000070159af88,0x0000000708000000)
 Metaspace       used 17010K, capacity 17598K, committed 17792K, reserved 1064960K
  class space    used 2255K, capacity 2424K, committed 2432K, reserved 1048576K
}
Event: 5.307 GC heap before
{Heap before GC invocations=3 (full 0):
 PSYoungGen      total 57344K, used 57333K [0x0000000780000000, 0x0000000787000000, 0x00000007c0000000)
  eden space 49152K, 100% used [0x0000000780000000,0x0000000783000000,0x0000000783000000)
  from space 8192K, 99% used [0x0000000783800000,0x0000000783ffd4b0,0x0000000784000000)
  to   space 8192K, 0% used [0x0000000783000000,0x0000000783000000,0x0000000783800000)
 ParOldGen       total 131072K, used 22123K [0x0000000700000000, 0x0000000708000000, 0x0000000780000000)
  object space 131072K, 16% used [0x0000000700000000,0x000000070159af88,0x0000000708000000)
 Metaspace       used 17034K, capacity 17598K, committed 17792K, reserved 1064960K
  class space    used 2255K, capacity 2424K, committed 2432K, reserved 1048576K
Event: 5.328 GC heap after
Heap after GC invocations=3 (full 0):
 PSYoungGen      total 57344K, used 8165K [0x0000000780000000, 0x0000000787000000, 0x00000007c0000000)
  eden space 49152K, 0% used [0x0000000780000000,0x0000000780000000,0x0000000783000000)
  from space 8192K, 99% used [0x0000000783000000,0x00000007837f94b0,0x0000000783800000)
  to   space 8192K, 0% used [0x0000000786800000,0x0000000786800000,0x0000000787000000)
 ParOldGen       total 131072K, used 32195K [0x0000000700000000, 0x0000000708000000, 0x0000000780000000)
  object space 131072K, 24% used [0x0000000700000000,0x0000000701f70f88,0x0000000708000000)
 Metaspace       used 17034K, capacity 17598K, committed 17792K, reserved 1064960K
  class space    used 2255K, capacity 2424K, committed 2432K, reserved 1048576K
}
Event: 5.477 GC heap before
{Heap before GC invocations=4 (full 0):
 PSYoungGen      total 57344K, used 57317K [0x0000000780000000, 0x0000000787000000, 0x00000007c0000000)
  eden space 49152K, 100% used [0x0000000780000000,0x0000000783000000,0x0000000783000000)
  from space 8192K, 99% used [0x0000000783000000,0x00000007837f94b0,0x0000000783800000)
  to   space 8192K, 0% used [0x0000000786800000,0x0000000786800000,0x0000000787000000)
 ParOldGen       total 131072K, used 32195K [0x0000000700000000, 0x0000000708000000, 0x0000000780000000)
  object space 131072K, 24% used [0x0000000700000000,0x0000000701f70f88,0x0000000708000000)
 Metaspace       used 17365K, capacity 17976K, committed 18176K, reserved 1064960K
  class space    used 2304K, capacity 2475K, committed 2560K, reserved 1048576K
Event: 5.515 GC heap after
Heap after GC invocations=4 (full 0):
 PSYoungGen      total 106496K, used 8181K [0x0000000780000000, 0x0000000787000000, 0x00000007c0000000)
  eden space 98304K, 0% used [0x0000000780000000,0x0000000780000000,0x0000000786000000)
  from space 8192K, 99% used [0x0000000786800000,0x0000000786ffd4b0,0x0000000787000000)
  to   space 8192K, 0% used [0x0000000786000000,0x0000000786000000,0x0000000786800000)
 ParOldGen       total 131072K, used 57555K [0x0000000700000000, 0x0000000708000000, 0x0000000780000000)
  object space 131072K, 43% used [0x0000000700000000,0x0000000703834f88,0x0000000708000000)
 Metaspace       used 17365K, capacity 17976K, committed 18176K, reserved 1064960K
  class space    used 2304K, capacity 2475K, committed 2560K, reserved 1048576K
}
Event: 5.643 GC heap before
{Heap before GC invocations=5 (full 0):
 PSYoungGen      total 106496K, used 106485K [0x0000000780000000, 0x0000000787000000, 0x00000007c0000000)
  eden space 98304K, 100% used [0x0000000780000000,0x0000000786000000,0x0000000786000000)
  from space 8192K, 99% used [0x0000000786800000,0x0000000786ffd4b0,0x0000000787000000)
  to   space 8192K, 0% used [0x0000000786000000,0x0000000786000000,0x0000000786800000)
 ParOldGen       total 131072K, used 57555K [0x0000000700000000, 0x0000000708000000, 0x0000000780000000)
  object space 131072K, 43% used [0x0000000700000000,0x0000000703834f88,0x0000000708000000)
 Metaspace       used 17426K, capacity 18080K, committed 18176K, reserved 1064960K
  class space    used 2310K, capacity 2509K, committed 2560K, reserved 1048576K
Event: 5.684 GC heap after
Heap after GC invocations=5 (full 0):
 PSYoungGen      total 106496K, used 8181K [0x0000000780000000, 0x0000000790700000, 0x00000007c0000000)
  eden space 98304K, 0% used [0x0000000780000000,0x0000000780000000,0x0000000786000000)
  from space 8192K, 99% used [0x0000000786000000,0x00000007867fd4b0,0x0000000786800000)
  to   space 36352K, 0% used [0x000000078e380000,0x000000078e380000,0x0000000790700000)
 ParOldGen       total 131072K, used 81099K [0x0000000700000000, 0x0000000708000000, 0x0000000780000000)
  object space 131072K, 61% used [0x0000000700000000,0x0000000704f32f98,0x0000000708000000)
 Metaspace       used 17426K, capacity 18080K, committed 18176K, reserved 1064960K
  class space    used 2310K, capacity 2509K, committed 2560K, reserved 1048576K
}

Deoptimization events (10 events):
Event: 5.800 Thread 0x000000001bdbe800 Uncommon trap: reason=bimorphic action=maybe_recompile pc=0x0000000002c27758 method=java.util.AbstractCollection.addAll(Ljava/util/Collection;)Z @ 3
Event: 5.802 Thread 0x000000001bdbe800 Uncommon trap: reason=bimorphic action=maybe_recompile pc=0x0000000002c27758 method=java.util.AbstractCollection.addAll(Ljava/util/Collection;)Z @ 3
Event: 5.837 Thread 0x000000001bdbe800 Uncommon trap: reason=bimorphic action=maybe_recompile pc=0x0000000002c15a10 method=java.util.AbstractCollection.toArray()[Ljava/lang/Object; @ 52
Event: 5.866 Thread 0x000000001bdbe800 Uncommon trap: reason=class_check action=maybe_recompile pc=0x0000000002b3e628 method=java.util.AbstractCollection.toArray([Ljava/lang/Object;)[Ljava/lang/Object; @ 1
Event: 5.866 Thread 0x000000001bdbe800 Uncommon trap: reason=class_check action=maybe_recompile pc=0x0000000002b3e628 method=java.util.AbstractCollection.toArray([Ljava/lang/Object;)[Ljava/lang/Object; @ 1
Event: 5.868 Thread 0x000000001bdbe800 Uncommon trap: reason=class_check action=maybe_recompile pc=0x0000000002b3e628 method=java.util.AbstractCollection.toArray([Ljava/lang/Object;)[Ljava/lang/Object; @ 1
Event: 5.868 Thread 0x000000001bdbe800 Uncommon trap: reason=class_check action=maybe_recompile pc=0x0000000002b3e628 method=java.util.AbstractCollection.toArray([Ljava/lang/Object;)[Ljava/lang/Object; @ 1
Event: 5.915 Thread 0x000000001bdbe800 Uncommon trap: reason=unstable_if action=reinterpret pc=0x0000000002bb3f20 method=java.lang.String.split(Ljava/lang/String;I)[Ljava/lang/String; @ 281
Event: 6.642 Thread 0x000000001b328000 Uncommon trap: reason=unstable_if action=reinterpret pc=0x0000000002c20844 method=java.util.concurrent.ConcurrentHashMap$Traverser.advance()Ljava/util/concurrent/ConcurrentHashMap$Node; @ 33
Event: 6.757 Thread 0x000000001bdbe800 Uncommon trap: reason=unstable_if action=reinterpret pc=0x0000000002c0e868 method=tile.Tile.refreshGraphics()V @ 82

Internal exceptions (10 events):
Event: 5.296 Thread 0x000000001bdbe800 Exception <a 'java/lang/NullPointerException'> (0x0000000782b7aec8) thrown at [C:\re\workspace\8-2-build-windows-amd64-cygwin\jdk8u151\9699\hotspot\src\share\vm\runtime\sharedRuntime.cpp, line 605]
Event: 5.296 Thread 0x000000001bdbe800 Implicit null exception at 0x0000000002b70e9d to 0x0000000002b716bc
Event: 5.296 Thread 0x000000001bdbe800 Exception <a 'java/lang/NullPointerException'> (0x0000000782b7b440) thrown at [C:\re\workspace\8-2-build-windows-amd64-cygwin\jdk8u151\9699\hotspot\src\share\vm\runtime\sharedRuntime.cpp, line 605]
Event: 5.333 Thread 0x000000001bdbe800 Implicit null exception at 0x0000000002b5f32f to 0x0000000002b606d5
Event: 5.393 Thread 0x000000001bdbe800 Exception <a 'java/lang/NoSuchMethodError': java.lang.Object.lambda$negate$1(Ljava/lang/Object;)Z> (0x000000078148b620) thrown at [C:\re\workspace\8-2-build-windows-amd64-cygwin\jdk8u151\9699\hotspot\src\share\vm\interpreter\linkResolver.cpp, line 618]
Event: 5.562 Thread 0x000000001bdbe800 Exception <a 'sun/nio/fs/WindowsException'> (0x00000007815bf4a8) thrown at [C:\re\workspace\8-2-build-windows-amd64-cygwin\jdk8u151\9699\hotspot\src\share\vm\prims\jni.cpp, line 709]
Event: 5.563 Thread 0x000000001bdbe800 Exception <a 'java/io/IOException'> (0x00000007815bfa00) thrown at [C:\re\workspace\8-2-build-windows-amd64-cygwin\jdk8u151\9699\hotspot\src\share\vm\prims\jni.cpp, line 709]
Event: 5.564 Thread 0x000000001bdbe800 Implicit null exception at 0x0000000002bc6b1d to 0x0000000002bc733c
Event: 5.564 Thread 0x000000001bdbe800 Exception <a 'java/lang/NullPointerException'> (0x00000007815c2460) thrown at [C:\re\workspace\8-2-build-windows-amd64-cygwin\jdk8u151\9699\hotspot\src\share\vm\runtime\sharedRuntime.cpp, line 605]
Event: 5.793 Thread 0x000000001bdbe800 Implicit null exception at 0x0000000002b57e90 to 0x0000000002b57ed1

Events (10 events):
Event: 6.716 Thread 0x000000001bdbe800 DEOPT UNPACKING pc=0x00000000026b747f sp=0x000000001cf6c1c0 mode 0
Event: 6.718 Thread 0x000000001bdbe800 DEOPT PACKING pc=0x0000000002dfb043 sp=0x000000001cf6c460
Event: 6.718 Thread 0x000000001bdbe800 DEOPT UNPACKING pc=0x00000000026b747f sp=0x000000001cf6c1d0 mode 0
Event: 6.722 Thread 0x000000001bdbe800 DEOPT PACKING pc=0x0000000002dfb043 sp=0x000000001cf6c460
Event: 6.722 Thread 0x000000001bdbe800 DEOPT UNPACKING pc=0x00000000026b747f sp=0x000000001cf6c1d0 mode 0
Event: 6.756 Executing VM operation: RevokeBias
Event: 6.756 Executing VM operation: RevokeBias done
Event: 6.757 Thread 0x000000001bdbe800 Uncommon trap: trap_request=0xffffff65 fr.pc=0x0000000002c0e868
Event: 6.757 Thread 0x000000001bdbe800 DEOPT PACKING pc=0x0000000002c0e868 sp=0x000000001cf6c500
Event: 6.757 Thread 0x000000001bdbe800 DEOPT UNPACKING pc=0x00000000026b582a sp=0x000000001cf6c470 mode 2


Dynamic libraries:
0x000000013f970000 - 0x000000013f9a7000 	C:\Program Files\Java\jre1.8.0_151\bin\javaw.exe
0x0000000077600000 - 0x00000000777aa000 	C:\Windows\SYSTEM32\ntdll.dll
0x00000000773e0000 - 0x00000000774ff000 	C:\Windows\system32\kernel32.dll
0x000007fefd610000 - 0x000007fefd67a000 	C:\Windows\system32\KERNELBASE.dll
0x000007feff2c0000 - 0x000007feff39b000 	C:\Windows\system32\ADVAPI32.dll
0x000007feff870000 - 0x000007feff90f000 	C:\Windows\system32\msvcrt.dll
0x000007fefda40000 - 0x000007fefda5f000 	C:\Windows\SYSTEM32\sechost.dll
0x000007feff5a0000 - 0x000007feff6cd000 	C:\Windows\system32\RPCRT4.dll
0x0000000077500000 - 0x00000000775fa000 	C:\Windows\system32\USER32.dll
0x000007fefe200000 - 0x000007fefe267000 	C:\Windows\system32\GDI32.dll
0x000007feff790000 - 0x000007feff79e000 	C:\Windows\system32\LPK.dll
0x000007feff7a0000 - 0x000007feff86b000 	C:\Windows\system32\USP10.dll
0x000007fefc140000 - 0x000007fefc334000 	C:\Windows\WinSxS\amd64_microsoft.windows.common-controls_6595b64144ccf1df_6.0.7601.18837_none_fa3b1e3d17594757\COMCTL32.dll
0x000007feff000000 - 0x000007feff071000 	C:\Windows\system32\SHLWAPI.dll
0x000007feff080000 - 0x000007feff0ae000 	C:\Windows\system32\IMM32.DLL
0x000007fefd930000 - 0x000007fefda39000 	C:\Windows\system32\MSCTF.dll
0x000000006bb30000 - 0x000000006bc02000 	C:\Program Files\Java\jre1.8.0_151\bin\msvcr100.dll
0x0000000061970000 - 0x000000006220d000 	C:\Program Files\Java\jre1.8.0_151\bin\server\jvm.dll
0x000007fefb8a0000 - 0x000007fefb8a9000 	C:\Windows\system32\WSOCK32.dll
0x000007feff270000 - 0x000007feff2bd000 	C:\Windows\system32\WS2_32.dll
0x000007fefdb00000 - 0x000007fefdb08000 	C:\Windows\system32\NSI.dll
0x000007fefa330000 - 0x000007fefa36b000 	C:\Windows\system32\WINMM.dll
0x000007fefc660000 - 0x000007fefc66c000 	C:\Windows\system32\VERSION.dll
0x00000000777c0000 - 0x00000000777c7000 	C:\Windows\system32\PSAPI.DLL
0x000000006d800000 - 0x000000006d80f000 	C:\Program Files\Java\jre1.8.0_151\bin\verify.dll
0x000000006d7d0000 - 0x000000006d7f9000 	C:\Program Files\Java\jre1.8.0_151\bin\java.dll
0x000000006c840000 - 0x000000006c856000 	C:\Program Files\Java\jre1.8.0_151\bin\zip.dll
0x000007fefe270000 - 0x000007fefeffb000 	C:\Windows\system32\SHELL32.dll
0x000007feff3a0000 - 0x000007feff59c000 	C:\Windows\system32\ole32.dll
0x000007fefd560000 - 0x000007fefd56f000 	C:\Windows\system32\profapi.dll
0x000007fef96d0000 - 0x000007fef96d3000 	C:\Program Files\Java\jre1.8.0_151\bin\api-ms-win-core-console-l1-1-0.dll
0x000007fef1880000 - 0x000007fef1883000 	C:\Program Files\Java\jre1.8.0_151\bin\api-ms-win-core-datetime-l1-1-0.dll
0x000007fef1870000 - 0x000007fef1873000 	C:\Program Files\Java\jre1.8.0_151\bin\api-ms-win-core-debug-l1-1-0.dll
0x000007fef1860000 - 0x000007fef1863000 	C:\Program Files\Java\jre1.8.0_151\bin\api-ms-win-core-errorhandling-l1-1-0.dll
0x000007fef1850000 - 0x000007fef1854000 	C:\Program Files\Java\jre1.8.0_151\bin\api-ms-win-core-file-l1-1-0.dll
0x000007fef0d10000 - 0x000007fef0d13000 	C:\Program Files\Java\jre1.8.0_151\bin\api-ms-win-core-file-l1-2-0.dll
0x000007fef0cf0000 - 0x000007fef0cf3000 	C:\Program Files\Java\jre1.8.0_151\bin\api-ms-win-core-file-l2-1-0.dll
0x000007fef0d00000 - 0x000007fef0d03000 	C:\Program Files\Java\jre1.8.0_151\bin\api-ms-win-core-handle-l1-1-0.dll
0x000007fef0700000 - 0x000007fef0703000 	C:\Program Files\Java\jre1.8.0_151\bin\api-ms-win-core-heap-l1-1-0.dll
0x000007fef0710000 - 0x000007fef0713000 	C:\Program Files\Java\jre1.8.0_151\bin\api-ms-win-core-interlocked-l1-1-0.dll
0x000007fef06e0000 - 0x000007fef06e3000 	C:\Program Files\Java\jre1.8.0_151\bin\api-ms-win-core-libraryloader-l1-1-0.dll
0x000007fef06f0000 - 0x000007fef06f3000 	C:\Program Files\Java\jre1.8.0_151\bin\api-ms-win-core-localization-l1-2-0.dll
0x000007fef05f0000 - 0x000007fef05f3000 	C:\Program Files\Java\jre1.8.0_151\bin\api-ms-win-core-memory-l1-1-0.dll
0x000007fef06d0000 - 0x000007fef06d3000 	C:\Program Files\Java\jre1.8.0_151\bin\api-ms-win-core-namedpipe-l1-1-0.dll
0x000007fef05d0000 - 0x000007fef05d3000 	C:\Program Files\Java\jre1.8.0_151\bin\api-ms-win-core-processenvironment-l1-1-0.dll
0x000007fef05e0000 - 0x000007fef05e3000 	C:\Program Files\Java\jre1.8.0_151\bin\api-ms-win-core-processthreads-l1-1-0.dll
0x000007fef05b0000 - 0x000007fef05b3000 	C:\Program Files\Java\jre1.8.0_151\bin\api-ms-win-core-processthreads-l1-1-1.dll
0x000007fef05c0000 - 0x000007fef05c3000 	C:\Program Files\Java\jre1.8.0_151\bin\api-ms-win-core-profile-l1-1-0.dll
0x000007fef0590000 - 0x000007fef0593000 	C:\Program Files\Java\jre1.8.0_151\bin\api-ms-win-core-rtlsupport-l1-1-0.dll
0x000007fef05a0000 - 0x000007fef05a3000 	C:\Program Files\Java\jre1.8.0_151\bin\api-ms-win-core-string-l1-1-0.dll
0x000007fef00d0000 - 0x000007fef00d3000 	C:\Program Files\Java\jre1.8.0_151\bin\api-ms-win-core-synch-l1-1-0.dll
0x000007fef00e0000 - 0x000007fef00e3000 	C:\Program Files\Java\jre1.8.0_151\bin\api-ms-win-core-synch-l1-2-0.dll
0x000007feefe00000 - 0x000007feefe03000 	C:\Program Files\Java\jre1.8.0_151\bin\api-ms-win-core-sysinfo-l1-1-0.dll
0x000007fef00c0000 - 0x000007fef00c3000 	C:\Program Files\Java\jre1.8.0_151\bin\api-ms-win-core-timezone-l1-1-0.dll
0x000007feefde0000 - 0x000007feefde3000 	C:\Program Files\Java\jre1.8.0_151\bin\api-ms-win-core-util-l1-1-0.dll
0x000007feefdf0000 - 0x000007feefdf3000 	C:\Program Files\Java\jre1.8.0_151\bin\api-ms-win-crt-conio-l1-1-0.dll
0x000007feefdc0000 - 0x000007feefdc4000 	C:\Program Files\Java\jre1.8.0_151\bin\api-ms-win-crt-convert-l1-1-0.dll
0x000007feefdd0000 - 0x000007feefdd3000 	C:\Program Files\Java\jre1.8.0_151\bin\api-ms-win-crt-environment-l1-1-0.dll
0x000007feefda0000 - 0x000007feefda3000 	C:\Program Files\Java\jre1.8.0_151\bin\api-ms-win-crt-filesystem-l1-1-0.dll
0x000007feefdb0000 - 0x000007feefdb3000 	C:\Program Files\Java\jre1.8.0_151\bin\api-ms-win-crt-heap-l1-1-0.dll
0x000007feefd80000 - 0x000007feefd83000 	C:\Program Files\Java\jre1.8.0_151\bin\api-ms-win-crt-locale-l1-1-0.dll
0x000007feefd90000 - 0x000007feefd95000 	C:\Program Files\Java\jre1.8.0_151\bin\api-ms-win-crt-math-l1-1-0.dll
0x000007feefd60000 - 0x000007feefd65000 	C:\Program Files\Java\jre1.8.0_151\bin\api-ms-win-crt-multibyte-l1-1-0.dll
0x000007feefd70000 - 0x000007feefd80000 	C:\Program Files\Java\jre1.8.0_151\bin\api-ms-win-crt-private-l1-1-0.dll
0x000007feefd40000 - 0x000007feefd43000 	C:\Program Files\Java\jre1.8.0_151\bin\api-ms-win-crt-process-l1-1-0.dll
0x000007feefd50000 - 0x000007feefd54000 	C:\Program Files\Java\jre1.8.0_151\bin\api-ms-win-crt-runtime-l1-1-0.dll
0x000007feefd20000 - 0x000007feefd24000 	C:\Program Files\Java\jre1.8.0_151\bin\api-ms-win-crt-stdio-l1-1-0.dll
0x000007feefd30000 - 0x000007feefd34000 	C:\Program Files\Java\jre1.8.0_151\bin\api-ms-win-crt-string-l1-1-0.dll
0x000007feefd00000 - 0x000007feefd03000 	C:\Program Files\Java\jre1.8.0_151\bin\api-ms-win-crt-time-l1-1-0.dll
0x000007feefd10000 - 0x000007feefd13000 	C:\Program Files\Java\jre1.8.0_151\bin\api-ms-win-crt-utility-l1-1-0.dll
0x000007feefc00000 - 0x000007feefcf6000 	C:\Program Files\Java\jre1.8.0_151\bin\ucrtbase.dll
0x000007fee6950000 - 0x000007fee69a1000 	C:\Program Files\Java\jre1.8.0_151\bin\concrt140.dll
0x000007fee68b0000 - 0x000007fee694c000 	C:\Program Files\Java\jre1.8.0_151\bin\MSVCP140.dll
0x000007feefbe0000 - 0x000007feefbf6000 	C:\Program Files\Java\jre1.8.0_151\bin\VCRUNTIME140.dll
0x000000006c720000 - 0x000000006c743000 	C:\Program Files\Java\jre1.8.0_151\bin\prism_d3d.dll
0x000007fef76c0000 - 0x000007fef78bf000 	C:\Windows\system32\d3d9.dll
0x000007fef8e90000 - 0x000007fef8e97000 	C:\Windows\system32\d3d8thk.dll
0x000007fefc640000 - 0x000007fefc658000 	C:\Windows\system32\dwmapi.dll
0x000007fefbf60000 - 0x000007fefbfb6000 	C:\Windows\system32\uxtheme.dll
0x000007fef8b00000 - 0x000007fef8cd8000 	C:\Windows\system32\aticfx64.dll
0x000007fee6870000 - 0x000007fee68a2000 	C:\Windows\system32\atiu9p64.dll
0x000007fee0830000 - 0x000007fee1366000 	C:\Windows\system32\atiumd64.dll
0x000000005af80000 - 0x000000005bc13000 	C:\Windows\system32\atiumd6a.dll
0x000007fefc670000 - 0x000007fefc69c000 	C:\Windows\system32\POWRPROF.dll
0x000007fefe020000 - 0x000007fefe1f7000 	C:\Windows\system32\SETUPAPI.dll
0x000007fefd8b0000 - 0x000007fefd8e6000 	C:\Windows\system32\CFGMGR32.dll
0x000007feff0b0000 - 0x000007feff18a000 	C:\Windows\system32\OLEAUT32.dll
0x000007fefd720000 - 0x000007fefd73a000 	C:\Windows\system32\DEVOBJ.dll
0x000000006c6d0000 - 0x000000006c719000 	C:\Program Files\Java\jre1.8.0_151\bin\glass.dll
0x000007fefda60000 - 0x000007fefdaf7000 	C:\Windows\system32\COMDLG32.dll
0x000007fefd490000 - 0x000007fefd49f000 	C:\Windows\system32\CRYPTBASE.dll
0x000007fefce20000 - 0x000007fefce38000 	C:\Windows\system32\CRYPTSP.dll
0x000007fefcb20000 - 0x000007fefcb67000 	C:\Windows\system32\rsaenh.dll
0x000007fefc890000 - 0x000007fefc8ae000 	C:\Windows\system32\USERENV.dll
0x000000006c820000 - 0x000000006c83a000 	C:\Program Files\Java\jre1.8.0_151\bin\net.dll
0x000007fefcdc0000 - 0x000007fefce15000 	C:\Windows\system32\mswsock.dll
0x000007fefcdb0000 - 0x000007fefcdb7000 	C:\Windows\System32\wship6.dll
0x000007fefacf0000 - 0x000007fefad17000 	C:\Windows\system32\IPHLPAPI.DLL
0x000007fefacd0000 - 0x000007fefacdb000 	C:\Windows\system32\WINNSI.DLL
0x000007fefab60000 - 0x000007fefab71000 	C:\Windows\system32\dhcpcsvc6.DLL
0x000007fefab40000 - 0x000007fefab58000 	C:\Windows\system32\dhcpcsvc.DLL
0x000000006c800000 - 0x000000006c811000 	C:\Program Files\Java\jre1.8.0_151\bin\nio.dll
0x000000006d080000 - 0x000000006d175000 	C:\Users\Mauro\AppData\Local\Temp\sqlite-3.21.0-d794ad91-463a-4592-8f0c-8d1745e3022c-sqlitejdbc.dll
0x0000000069f60000 - 0x000000006a0f8000 	C:\Program Files\Java\jre1.8.0_151\bin\awt.dll
0x000000006bcd0000 - 0x000000006bce4000 	C:\Program Files\Java\jre1.8.0_151\bin\javafx_font.dll
0x000007feefe10000 - 0x000007feeffa7000 	C:\Windows\system32\dwrite.dll
0x000007feff6f0000 - 0x000007feff789000 	C:\Windows\system32\CLBCatQ.DLL
0x000007fefb9a0000 - 0x000007fefbb01000 	C:\Windows\system32\WindowsCodecs.dll
0x000007fefd430000 - 0x000007fefd487000 	C:\Windows\system32\apphelp.dll
0x000007fef8d80000 - 0x000007fef8e40000 	C:\Program Files\Google\Drive\googledrivesync64.dll
0x0000000070530000 - 0x0000000070603000 	C:\Program Files\Google\Drive\Microsoft.VC90.CRT\MSVCP90.dll
0x0000000070480000 - 0x0000000070523000 	C:\Program Files\Google\Drive\Microsoft.VC90.CRT\MSVCR90.dll
0x0000000070020000 - 0x00000000701eb000 	C:\Program Files\AVAST Software\Avast\ashShA64.dll
0x000007fefbd40000 - 0x000007fefbf57000 	C:\Windows\WinSxS\amd64_microsoft.windows.gdiplus_6595b64144ccf1df_1.1.7601.23807_none_14556b8e8b95d1fc\gdiplus.dll
0x000007fef73a0000 - 0x000007fef76be000 	C:\Windows\system32\msi.dll
0x000007fef7360000 - 0x000007fef7395000 	C:\Windows\system32\EhStorShell.dll
0x000007fefbfc0000 - 0x000007fefc0ec000 	C:\Windows\system32\PROPSYS.dll
0x000007fef72e0000 - 0x000007fef735e000 	C:\Windows\System32\cscui.dll
0x000007fef8e80000 - 0x000007fef8e8c000 	C:\Windows\System32\CSCDLL.dll
0x000007fef8ce0000 - 0x000007fef8cef000 	C:\Windows\system32\CSCAPI.dll
0x000007fef7260000 - 0x000007fef72e0000 	C:\Windows\system32\ntshrui.dll
0x000007fefd330000 - 0x000007fefd353000 	C:\Windows\system32\srvcli.dll
0x000007fefad70000 - 0x000007fefad7b000 	C:\Windows\system32\slc.dll
0x000007fee6840000 - 0x000007fee686d000 	C:\Program Files\Common Files\Microsoft Shared\Ink\rtscom.dll
0x000000006bcb0000 - 0x000000006bcc2000 	C:\Program Files\Java\jre1.8.0_151\bin\prism_common.dll
0x000007fee0460000 - 0x000007fee0824000 	C:\Windows\system32\d2d1.dll
0x000007fef8ef0000 - 0x000007fef90c5000 	C:\Windows\system32\d3d11.dll
0x000007fef90d0000 - 0x000007fef912d000 	C:\Windows\system32\dxgi.dll

VM Arguments:
jvm_args: -Dfile.encoding=UTF-8 
java_command: application.Main
java_class_path (initial): C:\Program Files\Java\jre1.8.0_151\lib\resources.jar;C:\Program Files\Java\jre1.8.0_151\lib\rt.jar;C:\Program Files\Java\jre1.8.0_151\lib\jsse.jar;C:\Program Files\Java\jre1.8.0_151\lib\jce.jar;C:\Program Files\Java\jre1.8.0_151\lib\charsets.jar;C:\Program Files\Java\jre1.8.0_151\lib\jfr.jar;C:\Program Files\Java\jre1.8.0_151\lib\ext\access-bridge-64.jar;C:\Program Files\Java\jre1.8.0_151\lib\ext\cldrdata.jar;C:\Program Files\Java\jre1.8.0_151\lib\ext\dnsns.jar;C:\Program Files\Java\jre1.8.0_151\lib\ext\jaccess.jar;C:\Program Files\Java\jre1.8.0_151\lib\ext\jfxrt.jar;C:\Program Files\Java\jre1.8.0_151\lib\ext\localedata.jar;C:\Program Files\Java\jre1.8.0_151\lib\ext\nashorn.jar;C:\Program Files\Java\jre1.8.0_151\lib\ext\sunec.jar;C:\Program Files\Java\jre1.8.0_151\lib\ext\sunjce_provider.jar;C:\Program Files\Java\jre1.8.0_151\lib\ext\sunmscapi.jar;C:\Program Files\Java\jre1.8.0_151\lib\ext\sunpkcs11.jar;C:\Program Files\Java\jre1.8.0_151\lib\ext\zipfs.jar;C:\Users\Mauro\Google Drive\Workspace\RogueWorld\bin;C:\Users\Mauro\.p2\pool\plugins\org.eclipse.fx.ide.css.jfx8_3.0.0.201705220750.jar;C:\Users\Mauro\.p2\pool\plugins\org.junit.jupiter.api_5.0.0.v20170910-2246.jar;C:\Users\Mauro\.p2\pool\plugins\org.junit.jupiter.engine_5.0.0.v20170910-2246.jar;C:\Users\Mauro\.p2\pool\plugins\org.junit.jupiter.migrationsupport_5.0.0.v20170910-2246.jar;C:\Users\Mauro\.p2\pool\plugins\org.junit.jupiter.params_5.0.0.v20170910-2246.jar;C:\Users\Mauro\.p2\pool\plugins\org.junit.platform.commons_1.0.0.v20170910-2246.jar;C:\Users\Mauro\.p2\pool\plugins\org.junit.platform.engine_1.0.0.v20170910-2246.jar;C:\Users\Mauro\.p2\pool\plugins\org.junit.platform.launcher_1.0.0.v20170910-2246.jar;C:\Users\Mauro\.p2\pool\plugins\org.junit.platform.runner_1.0.0.v20170910-2246.jar;C:\Users\Mauro\.p2\pool\plugins\org.junit.platform.suite.api_1.0.0.v20170910-2246.jar;C:\Users\Mauro\.p2\pool\plugins\org.junit.vintage.engine_4.12.0.v20170910-2246.jar;C:\Users\Mauro\.p2\pool\pl
Launcher Type: SUN_STANDARD

Environment Variables:
PATH=C:/Program Files/Java/jre1.8.0_151/bin/server;C:/Program Files/Java/jre1.8.0_151/bin;C:/Program Files/Java/jre1.8.0_151/lib/amd64;C:\Program Files (x86)\Common Files\Oracle\Java\javapath;C:\cygwin64\bin;C:\Program Files (x86)\NVIDIA Corporation\PhysX\Common;C:\ProgramData\Oracle\Java\javapath;C:\Windows\system32;C:\Windows;C:\Windows\System32\Wbem;C:\Windows\System32\WindowsPowerShell\v1.0\;C:\Program Files (x86)\ATI Technologies\ATI.ACE\Core-Static;C:\Users\Mauro\AppData\Local\Programs\Python\Python36\Scripts\;C:\Users\Mauro\AppData\Local\Programs\Python\Python36\;C:\Users\Mauro\AppData\Local\GitHubDesktop\bin;C:\Modeltech_5.7f\win32;C:\Modeltech_eval_5.7f\win32;C:\Modeltech_pe_edu_10.4a\win32pe_edu;C:\Windows\system32;
USERNAME=Mauro
OS=Windows_NT
PROCESSOR_IDENTIFIER=AMD64 Family 16 Model 4 Stepping 3, AuthenticAMD



---------------  S Y S T E M  ---------------

OS: Windows 7 , 64 bit Build 7601 (6.1.7601.23807)

CPU:total 4 (initial active 4) (4 cores per cpu, 1 threads per core) family 16 model 4 stepping 3, cmov, cx8, fxsr, mmx, sse, sse2, sse3, popcnt, mmxext, 3dnowpref, lzcnt, sse4a, tsc, tscinvbit, tscinv

Memory: 4k page, physical 12580408k(5091864k free), swap 25158956k(17340504k free)

vm_info: Java HotSpot(TM) 64-Bit Server VM (25.151-b12) for windows-amd64 JRE (1.8.0_151-b12), built on Sep  5 2017 19:33:46 by "java_re" with MS VC++ 10.0 (VS2010)

time: Wed Oct 24 14:30:46 2018
elapsed time: 6 seconds (0d 0h 0m 6s)

